<?xml version="1.0" encoding="UTF-8" ?>
<testsuite tests="5" failures="0" name="awesomecucumber.runners.MyJUnitRunnerTest" time="23.163" errors="0" skipped="0">
  <properties>
[...]
</properties>
  <testcase classname="Add to Cart" name="Add one quantity from Store" time="5.002"/>
  <testcase classname="Add to Cart" name="Add one quantity from Store - examples #1" time="3.759"/>
  <testcase classname="Add to Cart" name="Add one quantity from Store - examples #2" time="3.544"/>
  <testcase classname="Add to Cart" name="Add one quantity from Store - examples #3" time="3.339"/>
  <testcase classname="Place an order" name="using default payment option" time="7.519"/>
</testsuite>